<?xml version="1.0" encoding="UTF-8"?>
<testng-results skipped="0" failed="0" ignored="0" total="2" passed="2">
  <reporter-output>
  </reporter-output>
  <suite name="Default suite" duration-ms="50156" started-at="2018-12-28T06:25:25Z" finished-at="2018-12-28T06:26:15Z">
    <groups>
    </groups>
    <test name="Default test" duration-ms="50156" started-at="2018-12-28T06:25:25Z" finished-at="2018-12-28T06:26:15Z">
      <class name="com.tests.logTests">
        <test-method status="PASS" signature="Setup()[pri:0, instance:com.tests.logTests@55f3ddb1]" name="Setup" is-config="true" duration-ms="31624" started-at="2018-12-28T06:25:25Z" finished-at="2018-12-28T06:25:57Z">
          <reporter-output>
          </reporter-output>
        </test-method> <!-- Setup -->
        <test-method status="PASS" signature="freecrmTitle1()[pri:1, instance:com.tests.logTests@55f3ddb1]" name="freecrmTitle1" duration-ms="44" started-at="2018-12-28T06:25:57Z" finished-at="2018-12-28T06:25:57Z">
          <reporter-output>
          </reporter-output>
        </test-method> <!-- freecrmTitle1 -->
        <test-method status="PASS" signature="teardown()[pri:0, instance:com.tests.logTests@55f3ddb1]" name="teardown" is-config="true" duration-ms="1189" started-at="2018-12-28T06:25:57Z" finished-at="2018-12-28T06:25:58Z">
          <reporter-output>
          </reporter-output>
        </test-method> <!-- teardown -->
        <test-method status="PASS" signature="Setup()[pri:0, instance:com.tests.logTests@55f3ddb1]" name="Setup" is-config="true" duration-ms="15920" started-at="2018-12-28T06:25:58Z" finished-at="2018-12-28T06:26:14Z">
          <reporter-output>
          </reporter-output>
        </test-method> <!-- Setup -->
        <test-method status="PASS" signature="freecrmLogoTest()[pri:2, instance:com.tests.logTests@55f3ddb1]" name="freecrmLogoTest" duration-ms="348" started-at="2018-12-28T06:26:14Z" finished-at="2018-12-28T06:26:14Z">
          <reporter-output>
          </reporter-output>
        </test-method> <!-- freecrmLogoTest -->
        <test-method status="PASS" signature="teardown()[pri:0, instance:com.tests.logTests@55f3ddb1]" name="teardown" is-config="true" duration-ms="935" started-at="2018-12-28T06:26:14Z" finished-at="2018-12-28T06:26:15Z">
          <reporter-output>
          </reporter-output>
        </test-method> <!-- teardown -->
      </class> <!-- com.tests.logTests -->
    </test> <!-- Default test -->
  </suite> <!-- Default suite -->
</testng-results>
